<?xml version="1.0" encoding="UTF-8"?>
<!-- Generated by org.testng.reporters.JUnitReportReporter -->
<testsuite skipped="0" hostname="AZ" name="student.MyMaven.TestScript" tests="2" failures="0" timestamp="07 Aug 2018 15:35:39 GMT" time="24.148" errors="0">
  <testcase name="checkHome" time="20.519" classname="student.MyMaven.TestScript"/>
  <testcase name="checkFail" time="3.629" classname="student.MyMaven.TestScript"/>
</testsuite> <!-- student.MyMaven.TestScript -->
